<?xml version="1.0" encoding="utf-8"?><testsuites name="pytest tests"><testsuite name="pytest" errors="0" failures="0" skipped="0" tests="21" time="8.754" timestamp="2026-03-24T10:34:38.711407+00:00" hostname="agent-env-886f8e2a-20c0-44ba-b468-0442b3644da8"><testcase classname="backend.tests.test_new_features.TestHealthCheck" name="test_api_health" time="0.278" /><testcase classname="backend.tests.test_new_features.TestForgotPasswordFlow" name="test_forgot_password_request" time="0.322" /><testcase classname="backend.tests.test_new_features.TestForgotPasswordFlow" name="test_forgot_password_request_nonexistent_email" time="0.117" /><testcase classname="backend.tests.test_new_features.TestForgotPasswordFlow" name="test_forgot_password_verify_otp_invalid" time="0.101" /><testcase classname="backend.tests.test_new_features.TestForgotPasswordFlow" name="test_forgot_password_verify_totp_invalid_token" time="0.141" /><testcase classname="backend.tests.test_new_features.TestForgotPasswordFlow" name="test_forgot_password_reset_invalid_token" time="0.106" /><testcase classname="backend.tests.test_new_features.TestSuperAdminLogin" name="test_login_flow" time="0.465" /><testcase classname="backend.tests.test_new_features.TestChangeEmailAPI" name="test_change_email_verify_wrong_password" time="0.773" /><testcase classname="backend.tests.test_new_features.TestChangeEmailAPI" name="test_change_email_verify_invalid_email" time="0.728" /><testcase classname="backend.tests.test_new_features.TestChangeEmailAPI" name="test_change_email_verify_success" time="0.761" /><testcase classname="backend.tests.test_new_features.TestChangeEmailAPI" name="test_change_email_confirm_invalid_token" time="0.561" /><testcase classname="backend.tests.test_new_features.TestAdminManagement" name="test_update_admin_status" time="0.953" /><testcase classname="backend.tests.test_new_features.TestAdminManagement" name="test_update_admin_invalid_status" time="0.115" /><testcase classname="backend.tests.test_new_features.TestAdminManagement" name="test_reset_admin_totp" time="0.107" /><testcase classname="backend.tests.test_new_features.TestAdminManagement" name="test_cannot_modify_super_admin" time="0.307" /><testcase classname="backend.tests.test_new_features.TestAdminManagement" name="test_delete_admin" time="0.219" /><testcase classname="backend.tests.test_new_features.TestPDFExports" name="test_export_security_logs_pdf" time="0.896" /><testcase classname="backend.tests.test_new_features.TestPDFExports" name="test_export_users_pdf" time="0.563" /><testcase classname="backend.tests.test_new_features.TestPDFExports" name="test_pdf_export_requires_auth" time="0.101" /><testcase classname="backend.tests.test_new_features.TestPDFExports" name="test_pdf_export_requires_super_admin" time="0.547" /><testcase classname="backend.tests.test_new_features.TestDashboardStats" name="test_dashboard_stats_with_revenue" time="0.522" /></testsuite></testsuites>